<?xml version="1.0" encoding="UTF-8"?>
<!-- Generated by org.testng.reporters.JUnitReportReporter -->
<testsuite skipped="0" hostname="DESKTOP-T5IUNN8" name="vtigerdemo.testscript.CreatCampaign" tests="1" failures="0" timestamp="2020-01-13T12:47:31 IST" time="23.457" errors="0">
  <testcase name="CreatCampaign" time="23.457" classname="vtigerdemo.testscript.CreatCampaign"/>
</testsuite> <!-- vtigerdemo.testscript.CreatCampaign -->
